Watching for changes in /Users/xuhao/xuhao-hugo/{assets,content,i18n,layouts,static}
Watching for config changes in /Users/xuhao/xuhao-hugo/config/_default, /Users/xuhao/xuhao-hugo/go.mod
Start building sites … 
hugo v0.124.1-db083b05f16c945fec04f745f0ca8640560cf1ec+extended darwin/arm64 BuildDate=2024-03-20T11:40:10Z VendorInfo=brew


                   | ZH-CN  
-------------------+--------
  Pages            |    38  
  Paginator pages  |     3  
  Non-page files   |    13  
  Static files     |     1  
  Processed images |    11  
  Aliases          |    12  
  Cleaned          |     0  

Built in 68 ms
Environment: "development"
Serving pages from disk
Running in Fast Render Mode. For full rebuilds on change: hugo server --disableFastRender
Web Server is available at http://localhost:1313/ (bind address 127.0.0.1) 
Press Ctrl+C to stop

Change detected, rebuilding site (#1).
2024-04-19 09:52:28.878 +0800
Source changed /post/日常.md
Total in 83 ms
adding created directory to watchlist /Users/xuhao/xuhao-hugo/content/categories/k8s_副本

Change detected, rebuilding site (#2).
2024-04-19 09:53:05.868 +0800
Source changed /categories/k8s_副本/k8s.jpg
Source changed /categories/k8s_副本/_index.md
Total in 68 ms
adding created directory to watchlist /Users/xuhao/xuhao-hugo/content/categories/rust

Change detected, rebuilding site (#3).
2024-04-19 09:53:13.370 +0800
Source changed /categories/k8s_副本/_index.md
Source changed /categories/rust/k8s.jpg
Source changed /categories/rust/_index.md
Total in 157 ms

Change detected, rebuilding site (#4).
2024-04-19 09:53:31.382 +0800
Source changed /categories/k8s_副本/_index.md
Source changed /categories/rust/_index~.md
Source changed /categories/rust/_index.md
Total in 44 ms

Change detected, rebuilding site (#5).
2024-04-19 09:53:33.367 +0800
Source changed /categories/rust/k8s.jpg
Source changed /categories/k8s_副本/k8s.jpg
Total in 26 ms

Change detected, rebuilding site (#6).
2024-04-19 09:53:55.869 +0800
Source changed /categories/rust/rust.jpg
Total in 248 ms
adding created directory to watchlist /Users/xuhao/xuhao-hugo/content/post/rust

Change detected, rebuilding site (#7).
2024-04-19 14:42:10.807 +0800
Source changed /post/rust/rust基础.md
Total in 68 ms

Change detected, rebuilding site (#8).
2024-04-19 14:43:09.805 +0800
Source changed /post/rust/rust基础.md
Total in 22 ms

Change detected, rebuilding site (#9).
2024-04-20 11:40:34.356 +0800
Source changed /post/rust/rust基础.md
Total in 31 ms

Change detected, rebuilding site (#10).
2024-04-21 22:36:53.863 +0800
Source changed /post/golang/go-流式处理.md
Total in 48 ms

Change detected, rebuilding site (#11).
2024-04-21 22:37:39.360 +0800
Source changed /post/golang/go-流式处理.md
Total in 14 ms

Change detected, rebuilding site (#12).
2024-04-21 23:01:14.453 +0800
Source changed /post/golang/go-流式处理.md
Total in 16 ms

Change detected, rebuilding site (#13).
2024-04-22 14:42:32.455 +0800
Source changed /post/golang/go-流式处理.md
Total in 15 ms
adding created directory to watchlist /Users/xuhao/xuhao-hugo/content/images/2024/04/22

Change detected, rebuilding site (#14).
2024-04-22 14:58:31.936 +0800
Source changed /images/2024/04/22/trace.png
Total in 41 ms

Change detected, rebuilding site (#15).
2024-04-22 16:22:49.850 +0800
Source changed /post/golang/golang-中间件.md
Total in 54 ms
